<?xml version="1.0" encoding="UTF-8"?>
<robot generator="Robot 3.1.1 (Python 3.8.3 on win32)" generated="20200927 21:03:42.539" rpa="false">
<suite id="s1" name="Datadrivendemo" source="C:\Users\User\PycharmProjects\RobotFrameWork\testcases\datadrivendemo.robot">
<test id="s1-t1" name="Data DrivenTest Demo">
<kw name="open browser instance" type="setup">
<kw name="Open Browser" library="SeleniumLibrary">
<doc>Opens a new browser instance to the given ``url``.</doc>
<arguments>
<arg>https://demoqa.com/text-box</arg>
<arg>${BROWSER}</arg>
</arguments>
<msg timestamp="20200927 21:03:42.934" level="INFO">Opening browser 'chrome' to base url 'https://demoqa.com/text-box'.</msg>
<status status="PASS" starttime="20200927 21:03:42.934" endtime="20200927 21:04:55.484"></status>
</kw>
<kw name="Maximize Browser Window" library="SeleniumLibrary">
<doc>Maximizes current browser window.</doc>
<status status="PASS" starttime="20200927 21:04:55.485" endtime="20200927 21:04:57.660"></status>
</kw>
<kw name="Set Browser Implicit Wait" library="SeleniumLibrary">
<doc>Sets the implicit wait value used by Selenium.</doc>
<arguments>
<arg>10</arg>
</arguments>
<status status="PASS" starttime="20200927 21:04:57.661" endtime="20200927 21:04:57.664"></status>
</kw>
<status status="PASS" starttime="20200927 21:03:42.933" endtime="20200927 21:04:57.664"></status>
</kw>
<kw name="Submit TextBox">
<arguments>
<arg>${username}</arg>
<arg>${email}</arg>
<arg>${current_address}</arg>
<arg>${permanent_address}</arg>
</arguments>
<msg timestamp="20200927 21:04:57.667" level="FAIL">Variable '${username}' not found.</msg>
<status status="FAIL" starttime="20200927 21:04:57.665" endtime="20200927 21:04:57.667"></status>
</kw>
<kw name="close browser instance" type="teardown">
<kw name="Close Browser" library="SeleniumLibrary">
<doc>Closes the current browser.</doc>
<status status="PASS" starttime="20200927 21:04:57.670" endtime="20200927 21:04:59.890"></status>
</kw>
<status status="PASS" starttime="20200927 21:04:57.669" endtime="20200927 21:04:59.890"></status>
</kw>
<tags>
<tag>This is Tag samples</tag>
</tags>
<status status="FAIL" starttime="20200927 21:03:42.932" endtime="20200927 21:04:59.891" critical="yes">Variable '${username}' not found.</status>
</test>
<test id="s1-t2" name="Data DrivenTest Demo">
<kw name="open browser instance" type="setup">
<kw name="Open Browser" library="SeleniumLibrary">
<doc>Opens a new browser instance to the given ``url``.</doc>
<arguments>
<arg>https://demoqa.com/text-box</arg>
<arg>${BROWSER}</arg>
</arguments>
<msg timestamp="20200927 21:04:59.897" level="INFO">Opening browser 'chrome' to base url 'https://demoqa.com/text-box'.</msg>
<status status="PASS" starttime="20200927 21:04:59.896" endtime="20200927 21:05:11.443"></status>
</kw>
<kw name="Maximize Browser Window" library="SeleniumLibrary">
<doc>Maximizes current browser window.</doc>
<status status="PASS" starttime="20200927 21:05:11.444" endtime="20200927 21:05:13.658"></status>
</kw>
<kw name="Set Browser Implicit Wait" library="SeleniumLibrary">
<doc>Sets the implicit wait value used by Selenium.</doc>
<arguments>
<arg>10</arg>
</arguments>
<status status="PASS" starttime="20200927 21:05:13.658" endtime="20200927 21:05:13.658"></status>
</kw>
<status status="PASS" starttime="20200927 21:04:59.896" endtime="20200927 21:05:13.658"></status>
</kw>
<kw name="Submit TextBox">
<arguments>
<arg>${username}</arg>
<arg>${email}</arg>
<arg>${current_address}</arg>
<arg>${permanent_address}</arg>
</arguments>
<msg timestamp="20200927 21:05:13.673" level="FAIL">Variable '${username}' not found.</msg>
<status status="FAIL" starttime="20200927 21:05:13.658" endtime="20200927 21:05:13.673"></status>
</kw>
<kw name="close browser instance" type="teardown">
<kw name="Close Browser" library="SeleniumLibrary">
<doc>Closes the current browser.</doc>
<status status="PASS" starttime="20200927 21:05:13.676" endtime="20200927 21:05:17.476"></status>
</kw>
<status status="PASS" starttime="20200927 21:05:13.675" endtime="20200927 21:05:17.477"></status>
</kw>
<tags>
<tag>This is Tag samples</tag>
</tags>
<status status="FAIL" starttime="20200927 21:04:59.894" endtime="20200927 21:05:17.477" critical="yes">Variable '${username}' not found.</status>
</test>
<test id="s1-t3" name="Data DrivenTest Demo">
<kw name="open browser instance" type="setup">
<kw name="Open Browser" library="SeleniumLibrary">
<doc>Opens a new browser instance to the given ``url``.</doc>
<arguments>
<arg>https://demoqa.com/text-box</arg>
<arg>${BROWSER}</arg>
</arguments>
<msg timestamp="20200927 21:05:17.485" level="INFO">Opening browser 'chrome' to base url 'https://demoqa.com/text-box'.</msg>
<status status="PASS" starttime="20200927 21:05:17.485" endtime="20200927 21:05:57.850"></status>
</kw>
<kw name="Maximize Browser Window" library="SeleniumLibrary">
<doc>Maximizes current browser window.</doc>
<kw name="Capture Page Screenshot" library="SeleniumLibrary">
<doc>Takes screenshot of the current page and embeds it into log file.</doc>
<msg timestamp="20200927 21:05:57.903" level="FAIL">NoSuchWindowException: Message: no such window: target window already closed
from unknown error: web view not found
  (Session info: chrome=85.0.4183.121)
</msg>
<status status="FAIL" starttime="20200927 21:05:57.877" endtime="20200927 21:05:57.903"></status>
</kw>
<msg timestamp="20200927 21:05:57.903" level="WARN">Keyword 'Capture Page Screenshot' could not be run on failure: NoSuchWindowException: Message: no such window: target window already closed
from unknown error: web view not found
  (Session info: chrome=85.0.4183.121)
</msg>
<msg timestamp="20200927 21:05:57.910" level="FAIL">NoSuchWindowException: Message: no such window: target window already closed
from unknown error: web view not found
  (Session info: chrome=85.0.4183.121)
</msg>
<status status="FAIL" starttime="20200927 21:05:57.851" endtime="20200927 21:05:57.910"></status>
</kw>
<status status="FAIL" starttime="20200927 21:05:17.484" endtime="20200927 21:05:57.911"></status>
</kw>
<kw name="close browser instance" type="teardown">
<kw name="Close Browser" library="SeleniumLibrary">
<doc>Closes the current browser.</doc>
<status status="PASS" starttime="20200927 21:05:57.912" endtime="20200927 21:06:00.170"></status>
</kw>
<status status="PASS" starttime="20200927 21:05:57.911" endtime="20200927 21:06:00.170"></status>
</kw>
<tags>
<tag>This is Tag samples</tag>
</tags>
<status status="FAIL" starttime="20200927 21:05:17.482" endtime="20200927 21:06:00.171" critical="yes">Setup failed:
NoSuchWindowException: Message: no such window: target window already closed
from unknown error: web view not found
  (Session info: chrome=85.0.4183.121)
</status>
</test>
<test id="s1-t4" name="Data DrivenTest Demo">
<kw name="open browser instance" type="setup">
<kw name="Open Browser" library="SeleniumLibrary">
<doc>Opens a new browser instance to the given ``url``.</doc>
<arguments>
<arg>https://demoqa.com/text-box</arg>
<arg>${BROWSER}</arg>
</arguments>
<msg timestamp="20200927 21:06:00.178" level="INFO">Opening browser 'chrome' to base url 'https://demoqa.com/text-box'.</msg>
<kw name="Capture Page Screenshot" library="SeleniumLibrary">
<doc>Takes screenshot of the current page and embeds it into log file.</doc>
<msg timestamp="20200927 21:06:16.723" level="FAIL">WebDriverException: Message: chrome not reachable
  (Session info: chrome=85.0.4183.121)
</msg>
<status status="FAIL" starttime="20200927 21:06:04.529" endtime="20200927 21:06:16.723"></status>
</kw>
<msg timestamp="20200927 21:06:16.723" level="WARN">Keyword 'Capture Page Screenshot' could not be run on failure: WebDriverException: Message: chrome not reachable
  (Session info: chrome=85.0.4183.121)
</msg>
<msg timestamp="20200927 21:06:16.726" level="FAIL">WebDriverException: Message: unknown error: cannot determine loading status
from disconnected: received Inspector.detached event
  (Session info: chrome=85.0.4183.121)
</msg>
<status status="FAIL" starttime="20200927 21:06:00.177" endtime="20200927 21:06:16.726"></status>
</kw>
<status status="FAIL" starttime="20200927 21:06:00.177" endtime="20200927 21:06:16.727"></status>
</kw>
<kw name="close browser instance" type="teardown">
<kw name="Close Browser" library="SeleniumLibrary">
<doc>Closes the current browser.</doc>
<status status="PASS" starttime="20200927 21:06:16.729" endtime="20200927 21:06:18.776"></status>
</kw>
<status status="PASS" starttime="20200927 21:06:16.728" endtime="20200927 21:06:18.776"></status>
</kw>
<tags>
<tag>This is Tag samples</tag>
</tags>
<status status="FAIL" starttime="20200927 21:06:00.175" endtime="20200927 21:06:18.778" critical="yes">Setup failed:
WebDriverException: Message: unknown error: cannot determine loading status
from disconnected: received Inspector.detached event
  (Session info: chrome=85.0.4183.121)
</status>
</test>
<status status="FAIL" starttime="20200927 21:03:42.542" endtime="20200927 21:06:18.781"></status>
</suite>
<statistics>
<total>
<stat pass="0" fail="4">Critical Tests</stat>
<stat pass="0" fail="4">All Tests</stat>
</total>
<tag>
<stat pass="0" fail="4">This is Tag samples</stat>
</tag>
<suite>
<stat pass="0" fail="4" id="s1" name="Datadrivendemo">Datadrivendemo</stat>
</suite>
</statistics>
<errors>
<msg timestamp="20200927 21:04:59.893" level="WARN">Multiple test cases with name 'Data DrivenTest Demo' executed in test suite 'Datadrivendemo'.</msg>
<msg timestamp="20200927 21:05:17.480" level="WARN">Multiple test cases with name 'Data DrivenTest Demo' executed in test suite 'Datadrivendemo'.</msg>
<msg timestamp="20200927 21:05:57.903" level="WARN">Keyword 'Capture Page Screenshot' could not be run on failure: NoSuchWindowException: Message: no such window: target window already closed
from unknown error: web view not found
  (Session info: chrome=85.0.4183.121)
</msg>
<msg timestamp="20200927 21:06:00.174" level="WARN">Multiple test cases with name 'Data DrivenTest Demo' executed in test suite 'Datadrivendemo'.</msg>
<msg timestamp="20200927 21:06:16.723" level="WARN">Keyword 'Capture Page Screenshot' could not be run on failure: WebDriverException: Message: chrome not reachable
  (Session info: chrome=85.0.4183.121)
</msg>
</errors>
</robot>
